#
# LDAP Public Key Patch schema for use with openssh-ldappubkey
# Author: Eric AUGE <eau@phear.org>
# Modified by: some random people at WEEE Open
#
# Based on the proposal of : Mark Ruijter
#
# The MIT License
#
# Copyright 2014-2018 Jakub Jirutka <jakub@jirutka.cz>.
#
# Permission is hereby granted, free of charge, to any person obtaining a copy
# of this software and associated documentation files (the "Software"), to deal
# in the Software without restriction, including without limitation the rights
# to use, copy, modify, merge, publish, distribute, sublicense, and/or sell
# copies of the Software, and to permit persons to whom the Software is
# furnished to do so, subject to the following conditions:
#
# The above copyright notice and this permission notice shall be included in
# all copies or substantial portions of the Software.
#
# THE SOFTWARE IS PROVIDED "AS IS", WITHOUT WARRANTY OF ANY KIND, EXPRESS OR
# IMPLIED, INCLUDING BUT NOT LIMITED TO THE WARRANTIES OF MERCHANTABILITY,
# FITNESS FOR A PARTICULAR PURPOSE AND NONINFRINGEMENT. IN NO EVENT SHALL THE
# AUTHORS OR COPYRIGHT HOLDERS BE LIABLE FOR ANY CLAIM, DAMAGES OR OTHER
# LIABILITY, WHETHER IN AN ACTION OF CONTRACT, TORT OR OTHERWISE, ARISING FROM,
# OUT OF OR IN CONNECTION WITH THE SOFTWARE OR THE USE OR OTHER DEALINGS IN
# THE SOFTWARE.
#
#---------------------------------------------------------------------
#
#!RESULT ERROR
#!CONNECTION ldap://molecule.matrix.lan:389
#!DATE 2022-07-15T19:33:17.791
#!ERROR Verbindung 'molecule.matrix.lan' ist schreibgeschützt."
dn: cn=schema
#
#---------------------------------------------------------------------
#
attributeTypes: ( 1.3.6.1.4.1.24552.500.1.1.1.13 NAME 'sshPublicKey' DESC 'O
 penSSH Public key' EQUALITY octetStringMatch SYNTAX 1.3.6.1.4.1.1466.115.12
 1.1.40 )
#
#---------------------------------------------------------------------
#
objectClasses: ( 1.3.6.1.4.1.24552.500.1.1.2.0 NAME 'ldapPublicKey' DESC 'Op
 enSSH LPK objectclass' AUXILIARY MUST uid MAY sshPublicKey X-ORIGIN 'github
 .com/jirutka/ssh-ldap-pubkey' )
